
Showing logs for build [32mcb-kubecd-bdd-gh-1573049747-pr-1[0m stage [32mfrom-build-pack[0m and container [32mstep-credential-initializer-jfgws[0m
{"level":"warn","ts":1573051379.5387433,"logger":"fallback-logger","caller":"logging/config.go:69","msg":"Fetch GitHub commit ID from kodata failed: \"ref: refs/heads/master\" is not a valid GitHub commit ID"}
{"level":"info","ts":1573051379.5395958,"logger":"fallback-logger","caller":"creds-init/main.go:40","msg":"Credentials initialized."}

Showing logs for build [32mcb-kubecd-bdd-gh-1573049747-pr-1[0m stage [32mfrom-build-pack[0m and container [32mstep-working-dir-initializer-npfhc[0m
{"level":"warn","ts":1573051380.660118,"logger":"fallback-logger","caller":"logging/config.go:69","msg":"Fetch GitHub commit ID from kodata failed: open /var/run/ko/HEAD: no such file or directory"}
{"level":"info","ts":1573051380.6615446,"logger":"fallback-logger","caller":"bash/main.go:65","msg":"Successfully executed command \"mkdir -p /workspace/source\""}

Showing logs for build [32mcb-kubecd-bdd-gh-1573049747-pr-1[0m stage [32mfrom-build-pack[0m and container [32mstep-place-tools[0m

Showing logs for build [32mcb-kubecd-bdd-gh-1573049747-pr-1[0m stage [32mfrom-build-pack[0m and container [32mstep-git-source-cb-kubecd-bdd-gh-1573049747-pr-b8ssc[0m
{"level":"warn","ts":1573051386.4984848,"logger":"fallback-logger","caller":"logging/config.go:69","msg":"Fetch GitHub commit ID from kodata failed: \"ref: refs/heads/master\" is not a valid GitHub commit ID"}
{"level":"info","ts":1573051388.5806696,"logger":"fallback-logger","caller":"git/git.go:102","msg":"Successfully cloned https://github.com/cb-kubecd/bdd-gh-1573049747.git @ 8871f946ae3f30aab35c246699911c0281dae1c7 in path /workspace/source"}

Showing logs for build [32mcb-kubecd-bdd-gh-1573049747-pr-1[0m stage [32mfrom-build-pack[0m and container [32mstep-git-merge[0m
Using SHAs from PULL_REFS=master:5dd5aa4b6f46473317d49f4583064d29fe6b741e,1:8871f946ae3f30aab35c246699911c0281dae1c7
DEBUG: ran git fetch --unshallow origin 8871f946ae3f30aab35c246699911c0281dae1c7: 5dd5aa4b6f46473317d49f4583064d29fe6b741e: in 
DEBUG: ran git checkout master in 
DEBUG: ran git reset --hard 5dd5aa4b6f46473317d49f4583064d29fe6b741e in 
DEBUG: ran clean --force -d . in 
DEBUG: ran git merge 8871f946ae3f30aab35c246699911c0281dae1c7 in 
Merged SHA 8871f946ae3f30aab35c246699911c0281dae1c7 with commit message 'My first PR commit' into base branch master

Showing logs for build [32mcb-kubecd-bdd-gh-1573049747-pr-1[0m stage [32mfrom-build-pack[0m and container [32mstep-build-make-linux[0m
CGO_ENABLED=0 GOOS=linux GOARCH=amd64 GO15VENDOREXPERIMENT=1 go build -ldflags '' -o bin/bdd-gh-1573049747 main.go

Showing logs for build [32mcb-kubecd-bdd-gh-1573049747-pr-1[0m stage [32mfrom-build-pack[0m and container [32mstep-build-container-build[0m
[36mINFO[0m[0000] No base image, nothing to extract            
[36mINFO[0m[0000] cmd: EXPOSE                                  
[36mINFO[0m[0000] Adding exposed port: 8080/tcp                
[36mINFO[0m[0000] Using files from context: [/workspace/source/bin] 
[36mINFO[0m[0000] Skipping unpacking as no commands require it. 
[36mINFO[0m[0000] Taking snapshot of full filesystem...        
[36mINFO[0m[0000] EXPOSE 8080                                  
[36mINFO[0m[0000] cmd: EXPOSE                                  
[36mINFO[0m[0000] Adding exposed port: 8080/tcp                
[36mINFO[0m[0000] No files changed in this command, skipping snapshotting. 
[36mINFO[0m[0000] ENTRYPOINT ["/bdd-gh-1573049747"]            
[36mINFO[0m[0000] No files changed in this command, skipping snapshotting. 
[36mINFO[0m[0000] Using files from context: [/workspace/source/bin] 
[36mINFO[0m[0000] COPY ./bin/ /                                
[36mINFO[0m[0000] Taking snapshot of files...                  
2019/11/06 14:43:22 pushed blob: sha256:79817981609655e27140072723624277a0966ad449324c91d052e0145485c534
2019/11/06 14:43:23 pushed blob: sha256:7e51a7624cd63b56422e39b23f87bfa6a7a643735a7cbc0662fd5c4d6b78f770
2019/11/06 14:43:25 gcr.io/jenkins-x-bdd3/bdd-gh-1573049747:0.0.0-SNAPSHOT-PR-1-1: digest: sha256:7a0ab2a25532275ce093539030965900b2f494049db71fd22b91d8126afca6c2 size: 428

Showing logs for build [32mcb-kubecd-bdd-gh-1573049747-pr-1[0m stage [32mfrom-build-pack[0m and container [32mstep-postbuild-post-build[0m
no CVE provider running in the current ** namespace so skip adding image to be analysed

Showing logs for build [32mcb-kubecd-bdd-gh-1573049747-pr-1[0m stage [32mfrom-build-pack[0m and container [32mstep-promote-make-preview[0m
sed -i -e "s/version:.*/version: 0.0.0-SNAPSHOT-PR-1-1/" Chart.yaml
sed -i -e "s/version:.*/version: 0.0.0-SNAPSHOT-PR-1-1/" ../*/Chart.yaml
sed -i -e "s|repository:.*|repository: gcr.io\/jenkins-x-bdd3\/bdd-gh-1573049747|" values.yaml
sed -i -e "s/tag:.*/tag: 0.0.0-SNAPSHOT-PR-1-1/" values.yaml
echo "  version: 0.0.0-SNAPSHOT-PR-1-1" >> requirements.yaml
** step helm build
WARNING: No $CHART_REPOSITORY defined so using the default value of: http://jenkins-x-chartmuseum:8080
Adding missing Helm repo: storage.googleapis.com https://storage.googleapis.com/chartmuseum.jenkins-x.io
Read credentials for https://storage.googleapis.com/chartmuseum.jenkins-x.io from vault helm/repos
Successfully added Helm repository storage.googleapis.com.
Adding missing Helm repo: jenkins-x-chartmuseum http://jenkins-x-chartmuseum:8080
Read credentials for http://jenkins-x-chartmuseum:8080 from vault helm/repos
Successfully added Helm repository jenkins-x-chartmuseum.
WARNING: No $CHART_REPOSITORY defined so using the default value of: http://jenkins-x-chartmuseum:8080
Adding missing Helm repo: chartmuseum.jenkins-x.io http://chartmuseum.jenkins-x.io
Read credentials for http://chartmuseum.jenkins-x.io from vault helm/repos
Successfully added Helm repository chartmuseum.jenkins-x.io.

Showing logs for build [32mcb-kubecd-bdd-gh-1573049747-pr-1[0m stage [32mfrom-build-pack[0m and container [32mstep-promote-jx-preview[0m
Creating a preview
WARNING: No author for commit: 8871f946ae3f30aab35c246699911c0281dae1c7
Created environment cb-kubecd-bdd-gh-1573049747-pr-1
Namespace **-cb-kubecd-bdd-gh-1573049747-pr-1 created 
expose:
  Annotations:
    helm.sh/hook: post-install,post-upgrade
    helm.sh/hook-delete-policy: hook-succeeded
  config:
    domain: 35.187.78.86.nip.io
    exposer: Ingress
    http: "true"
preview:
  image:
    repository: gcr.io/jenkins-x-bdd3/bdd-gh-1573049747
    tag: 0.0.0-SNAPSHOT-PR-1-1


Updating PipelineActivities cb-kubecd-bdd-gh-1573049747-pr-1-1 which has status Running
WARNING: preview application http://bdd-gh-1573049747.**-cb-kubecd-bdd-gh-1573049747-pr-1.35.187.78.86.nip.io not available, error was 503 503 Service Temporarily Unavailable, delaying for: 1.426986804s
Preview application is now available at: http://bdd-gh-1573049747.**-cb-kubecd-bdd-gh-1573049747-pr-1.35.187.78.86.nip.io
